<?xml version="1.0" encoding="UTF-8"?>
<!-- Generated by org.testng.reporters.JUnitReportReporter -->
<testsuite skipped="0" hostname="Angelas-MacBook-Pro.local" name="mobileTests.MFilterByPropertyType" tests="6" failures="0" timestamp="11 Jun 2019 05:26:34 GMT" time="560.856" errors="0">
  <testcase name="mFilterCondo" time="85.812" classname="mobileTests.MFilterByPropertyType"/>
  <testcase name="mFilterSingleFamily" time="84.627" classname="mobileTests.MFilterByPropertyType"/>
  <testcase name="mFilterTownHome" time="91.194" classname="mobileTests.MFilterByPropertyType"/>
  <testcase name="mFilterCondo" time="101.300" classname="mobileTests.MFilterByPropertyType"/>
  <testcase name="mFilterSingleFamily" time="99.528" classname="mobileTests.MFilterByPropertyType"/>
  <testcase name="mFilterTownHome" time="98.395" classname="mobileTests.MFilterByPropertyType"/>
</testsuite> <!-- mobileTests.MFilterByPropertyType -->
