<?xml version="1.0" encoding="UTF-8"?>
<!-- Generated by org.testng.reporters.JUnitReportReporter -->
<testsuite skipped="0" hostname="Angelas-MacBook-Pro.local" name="mobileTests.MSignUp_NewUser" tests="1" failures="0" timestamp="29 Apr 2018 00:25:43 GMT" time="54.836" errors="0">
  <testcase name="mSignUpNewUser" time="54.836" classname="mobileTests.MSignUp_NewUser"/>
</testsuite> <!-- mobileTests.MSignUp_NewUser -->
