<?xml version="1.0" encoding="UTF-8"?>
<!-- Generated by org.testng.reporters.JUnitReportReporter -->
<testsuite skipped="0" hostname="Angelas-MacBook-Pro.local" name="webTests.SortResultsByPriceBedBath" tests="4" failures="0" timestamp="18 Apr 2018 23:22:10 GMT" time="137.912" errors="0">
  <testcase name="sortResultsByBeds" time="32.836" classname="webTests.SortResultsByPriceBedBath"/>
  <testcase name="sortResultsByMostRecent" time="24.621" classname="webTests.SortResultsByPriceBedBath"/>
  <testcase name="sortResultsByPrice" time="32.010" classname="webTests.SortResultsByPriceBedBath"/>
  <testcase name="sortResultsByBaths" time="48.445" classname="webTests.SortResultsByPriceBedBath"/>
</testsuite> <!-- webTests.SortResultsByPriceBedBath -->
