<?xml version="1.0" encoding="UTF-8"?>
<!-- Generated by org.testng.reporters.JUnitReportReporter -->
<testsuite skipped="0" hostname="Angelas-MacBook-Pro.local" name="webTests.Login_NegativeTests" tests="1" failures="0" timestamp="11 Apr 2018 04:45:00 GMT" time="8.098" errors="0">
  <testcase name="loginWrongPwd" time="8.098" classname="webTests.Login_NegativeTests"/>
</testsuite> <!-- webTests.Login_NegativeTests -->
