<?xml version="1.0" encoding="UTF-8"?>
<!-- Generated by org.testng.reporters.JUnitReportReporter -->
<testsuite skipped="0" hostname="Angelas-MacBook-Pro.local" name="webTests.FilterMoreResultsByKeyword" tests="4" failures="0" timestamp="07 Jun 2019 20:45:58 GMT" time="248.896" errors="0">
  <testcase name="filterResultsByKeyword" time="69.570" classname="webTests.FilterMoreResultsByKeyword"/>
  <testcase name="filterResultsByKeyword" time="50.818" classname="webTests.FilterMoreResultsByKeyword"/>
  <testcase name="filterResultsByKeyword" time="75.814" classname="webTests.FilterMoreResultsByKeyword"/>
  <testcase name="filterResultsByKeyword" time="52.694" classname="webTests.FilterMoreResultsByKeyword"/>
</testsuite> <!-- webTests.FilterMoreResultsByKeyword -->
