<?xml version="1.0" encoding="UTF-8"?>
<!-- Generated by org.testng.reporters.JUnitReportReporter -->
<testsuite skipped="0" hostname="Angelas-MacBook-Pro.local" name="mobileTests.MLoginandSearch" tests="1" failures="0" timestamp="25 Apr 2018 00:37:43 GMT" time="89.635" errors="0">
  <testcase name="mobileLoginAndSearch" time="89.635" classname="mobileTests.MLoginandSearch"/>
</testsuite> <!-- mobileTests.MLoginandSearch -->
