<?xml version="1.0" encoding="UTF-8"?>
<!-- Generated by org.testng.reporters.JUnitReportReporter -->
<testsuite skipped="0" hostname="Angelas-MacBook-Pro.local" name="mobileTests.MSortResultsByBedBathPriceSqFtMostRecent" tests="6" failures="0" timestamp="26 Apr 2018 17:33:47 GMT" time="465.316" errors="0">
  <testcase name="mSortByBed" time="87.216" classname="mobileTests.MSortResultsByBedBathPriceSqFtMostRecent"/>
  <testcase name="mSortByBath" time="91.214" classname="mobileTests.MSortResultsByBedBathPriceSqFtMostRecent"/>
  <testcase name="mSortByLowtoHighPrice" time="63.606" classname="mobileTests.MSortResultsByBedBathPriceSqFtMostRecent"/>
  <testcase name="mSortByHightoLowPrice" time="68.604" classname="mobileTests.MSortResultsByBedBathPriceSqFtMostRecent"/>
  <testcase name="mSortBySqFt" time="69.660" classname="mobileTests.MSortResultsByBedBathPriceSqFtMostRecent"/>
  <testcase name="mSortByMostRecent" time="85.016" classname="mobileTests.MSortResultsByBedBathPriceSqFtMostRecent"/>
</testsuite> <!-- mobileTests.MSortResultsByBedBathPriceSqFtMostRecent -->
