<?xml version="1.0" encoding="UTF-8"?>
<!-- Generated by org.testng.reporters.JUnitReportReporter -->
<testsuite skipped="0" hostname="Angelas-MacBook-Pro.local" name="mobileTests.MFilterByPendingSoldForSaleStatus" tests="6" failures="0" timestamp="11 Jun 2019 05:26:14 GMT" time="343.337" errors="0">
  <testcase name="mFilterSold" time="52.997" classname="mobileTests.MFilterByPendingSoldForSaleStatus"/>
  <testcase name="mFilterForSale" time="54.724" classname="mobileTests.MFilterByPendingSoldForSaleStatus"/>
  <testcase name="mFilterForSale" time="60.714" classname="mobileTests.MFilterByPendingSoldForSaleStatus"/>
  <testcase name="mFilterSold" time="60.994" classname="mobileTests.MFilterByPendingSoldForSaleStatus"/>
  <testcase name="mFilterPending" time="60.569" classname="mobileTests.MFilterByPendingSoldForSaleStatus"/>
  <testcase name="mFilterPending" time="53.339" classname="mobileTests.MFilterByPendingSoldForSaleStatus"/>
</testsuite> <!-- mobileTests.MFilterByPendingSoldForSaleStatus -->
