<?xml version="1.0" encoding="UTF-8"?>
<!-- Generated by org.testng.reporters.JUnitReportReporter -->
<testsuite skipped="0" hostname="Angelas-MacBook-Pro.local" name="webTests.FilterMoreResultsBySquareFeet" tests="4" failures="0" timestamp="07 Jun 2019 20:45:53 GMT" time="212.547" errors="0">
  <testcase name="filterResultsBySqFeet" time="28.741" classname="webTests.FilterMoreResultsBySquareFeet"/>
  <testcase name="filterResultsBySqFeet" time="26.825" classname="webTests.FilterMoreResultsBySquareFeet"/>
  <testcase name="filterResultsBySqFeet" time="99.645" classname="webTests.FilterMoreResultsBySquareFeet"/>
  <testcase name="filterResultsBySqFeet" time="57.336" classname="webTests.FilterMoreResultsBySquareFeet"/>
</testsuite> <!-- webTests.FilterMoreResultsBySquareFeet -->
