<?xml version="1.0" encoding="UTF-8"?>
<!-- Generated by org.testng.reporters.JUnitReportReporter -->
<testsuite skipped="0" hostname="Angelas-MacBook-Pro.local" name="webTests.FilterMoreResultsByResidentialOptions" tests="2" failures="0" timestamp="18 Apr 2018 23:57:54 GMT" time="107.830" errors="0">
  <testcase name="filterBySingleFamily" time="50.874" classname="webTests.FilterMoreResultsByResidentialOptions"/>
  <testcase name="filterByCondo" time="56.956" classname="webTests.FilterMoreResultsByResidentialOptions"/>
</testsuite> <!-- webTests.FilterMoreResultsByResidentialOptions -->
