<?xml version="1.0" encoding="UTF-8"?>
<!-- Generated by org.testng.reporters.JUnitReportReporter -->
<testsuite skipped="0" hostname="Angelas-MacBook-Pro.local" name="webTests.SignUp_NegativeTests" tests="1" failures="0" timestamp="11 Apr 2018 04:45:00 GMT" time="6.548" errors="0">
  <testcase name="signUpWithInvalidPassword" time="6.548" classname="webTests.SignUp_NegativeTests"/>
</testsuite> <!-- webTests.SignUp_NegativeTests -->
