<?xml version="1.0" encoding="UTF-8"?>
<!-- Generated by org.testng.reporters.JUnitReportReporter -->
<testsuite skipped="0" hostname="Angelas-MacBook-Pro.local" name="mobileTests.MFilterByKeyword" tests="2" failures="0" timestamp="11 Jun 2019 05:26:29 GMT" time="152.591" errors="0">
  <testcase name="mFilterKeyword" time="74.258" classname="mobileTests.MFilterByKeyword"/>
  <testcase name="mFilterKeyword" time="78.333" classname="mobileTests.MFilterByKeyword"/>
</testsuite> <!-- mobileTests.MFilterByKeyword -->
