<?xml version="1.0" encoding="UTF-8"?>
<!-- Generated by org.testng.reporters.JUnitReportReporter -->
<testsuite skipped="0" hostname="Angelas-MacBook-Pro.local" name="mobileTests.MFilterByYear" tests="2" failures="0" timestamp="11 Jun 2019 05:26:19 GMT" time="212.745" errors="0">
  <testcase name="mFilterYear" time="112.908" classname="mobileTests.MFilterByYear"/>
  <testcase name="mFilterYear" time="99.837" classname="mobileTests.MFilterByYear"/>
</testsuite> <!-- mobileTests.MFilterByYear -->
