<?xml version="1.0" encoding="UTF-8"?>
<!-- Generated by org.testng.reporters.JUnitReportReporter -->
<testsuite skipped="0" hostname="Angelas-MacBook-Pro.local" name="webTests.FilterResultsByPriceBedBath" tests="3" failures="0" timestamp="16 Apr 2018 00:28:39 GMT" time="189.813" errors="0">
  <testcase name="filterResultsByPrice" time="29.600" classname="webTests.FilterResultsByPriceBedBath"/>
  <testcase name="filterResultsBybaths" time="138.222" classname="webTests.FilterResultsByPriceBedBath"/>
  <testcase name="filterResultsByBeds" time="21.991" classname="webTests.FilterResultsByPriceBedBath"/>
</testsuite> <!-- webTests.FilterResultsByPriceBedBath -->
