<?xml version="1.0" encoding="UTF-8"?>
<!-- Generated by org.testng.reporters.JUnitReportReporter -->
<testsuite skipped="0" hostname="Angelas-MacBook-Pro.local" name="webTests.Login_and_Search" tests="1" failures="0" timestamp="12 Apr 2018 21:43:12 GMT" time="36.057" errors="0">
  <testcase name="loginSearch" time="36.057" classname="webTests.Login_and_Search"/>
</testsuite> <!-- webTests.Login_and_Search -->
