<?xml version="1.0" encoding="UTF-8"?>
<!-- Generated by org.testng.reporters.JUnitReportReporter -->
<testsuite skipped="0" hostname="Angelas-MacBook-Pro.local" name="mobileTests.MFilterByBedBath" tests="4" failures="0" timestamp="11 Jun 2019 05:26:09 GMT" time="196.953" errors="0">
  <testcase name="mFilterBed" time="53.036" classname="mobileTests.MFilterByBedBath"/>
  <testcase name="mFilterBath" time="48.434" classname="mobileTests.MFilterByBedBath"/>
  <testcase name="mFilterBed" time="45.785" classname="mobileTests.MFilterByBedBath"/>
  <testcase name="mFilterBath" time="49.698" classname="mobileTests.MFilterByBedBath"/>
</testsuite> <!-- mobileTests.MFilterByBedBath -->
