<?xml version="1.0" encoding="UTF-8"?>
<!-- Generated by org.testng.reporters.JUnitReportReporter -->
<testsuite skipped="0" hostname="Angelas-MacBook-Pro.local" name="webTests.FilterMoreResultsByYear" tests="1" failures="0" timestamp="18 Apr 2018 23:22:10 GMT" time="56.006" errors="0">
  <testcase name="filterResultsByYear" time="56.006" classname="webTests.FilterMoreResultsByYear"/>
</testsuite> <!-- webTests.FilterMoreResultsByYear -->
