<?xml version="1.0" encoding="UTF-8"?>
<!-- Generated by org.testng.reporters.JUnitReportReporter -->
<testsuite skipped="0" hostname="Angelas-MacBook-Pro.local" name="webTests.SearchforSpecificProperty" tests="1" failures="0" timestamp="11 Apr 2018 04:45:00 GMT" time="14.378" errors="0">
  <testcase name="searchSpecificProperty" time="14.378" classname="webTests.SearchforSpecificProperty"/>
</testsuite> <!-- webTests.SearchforSpecificProperty -->
