<?xml version="1.0" encoding="UTF-8"?>
<!-- Generated by org.testng.reporters.JUnitReportReporter -->
<testsuite skipped="0" hostname="Angelas-MacBook-Pro.local" name="mobileTests.MFilterBySqFt" tests="2" failures="0" timestamp="11 Jun 2019 05:26:24 GMT" time="111.528" errors="0">
  <testcase name="mFilterSqFt" time="53.991" classname="mobileTests.MFilterBySqFt"/>
  <testcase name="mFilterSqFt" time="57.537" classname="mobileTests.MFilterBySqFt"/>
</testsuite> <!-- mobileTests.MFilterBySqFt -->
