<?xml version="1.0" encoding="UTF-8"?>
<!-- Generated by org.testng.reporters.JUnitReportReporter -->
<testsuite skipped="0" hostname="Angelas-MacBook-Pro.local" name="webTests.SignUp_NewUser" tests="1" failures="0" timestamp="11 Apr 2018 04:45:00 GMT" time="22.820" errors="0">
  <testcase name="signUp_NewUser" time="22.820" classname="webTests.SignUp_NewUser"/>
</testsuite> <!-- webTests.SignUp_NewUser -->
