<?xml version="1.0" encoding="UTF-8"?>
<!-- Generated by org.testng.reporters.JUnitReportReporter -->
<testsuite skipped="0" hostname="Angelas-MacBook-Pro.local" name="webTests.FilterMoreResultsByKeyword" tests="4" failures="0" timestamp="26 Apr 2019 19:00:46 GMT" time="233.947" errors="0">
  <testcase name="filterResultsByKeyword" time="42.952" classname="webTests.FilterMoreResultsByKeyword"/>
  <testcase name="filterResultsByKeyword" time="75.681" classname="webTests.FilterMoreResultsByKeyword"/>
  <testcase name="filterResultsByKeyword" time="69.485" classname="webTests.FilterMoreResultsByKeyword"/>
  <testcase name="filterResultsByKeyword" time="45.829" classname="webTests.FilterMoreResultsByKeyword"/>
</testsuite> <!-- webTests.FilterMoreResultsByKeyword -->
