<?xml version="1.0" encoding="UTF-8"?>
<!-- Generated by org.testng.reporters.JUnitReportReporter -->
<testsuite skipped="0" hostname="Angelas-MacBook-Pro.local" name="webTests.FilterMoreResultsBySquareFeet" tests="4" failures="0" timestamp="26 Apr 2019 19:00:51 GMT" time="237.867" errors="0">
  <testcase name="filterResultsBySqFeet" time="102.242" classname="webTests.FilterMoreResultsBySquareFeet"/>
  <testcase name="filterResultsBySqFeet" time="35.252" classname="webTests.FilterMoreResultsBySquareFeet"/>
  <testcase name="filterResultsBySqFeet" time="37.839" classname="webTests.FilterMoreResultsBySquareFeet"/>
  <testcase name="filterResultsBySqFeet" time="62.534" classname="webTests.FilterMoreResultsBySquareFeet"/>
</testsuite> <!-- webTests.FilterMoreResultsBySquareFeet -->
